[debug] [2020-12-30T17:00:05.905Z] ----------------------------------------------------------------------
[debug] [2020-12-30T17:00:05.916Z] Command:       C:\Program Files\nodejs\node.exe C:\Users\Prasanna Dommalapati\AppData\Roaming\npm\node_modules\firebase-tools\lib\bin\firebase.js init
[debug] [2020-12-30T17:00:05.917Z] CLI Version:   9.1.0
[debug] [2020-12-30T17:00:05.918Z] Platform:      win32
[debug] [2020-12-30T17:00:05.918Z] Node Version:  v12.18.2
[debug] [2020-12-30T17:00:05.922Z] Time:          Wed Dec 30 2020 17:00:05 GMT+0000 (Greenwich Mean Time)
[debug] [2020-12-30T17:00:05.922Z] ----------------------------------------------------------------------
[debug] [2020-12-30T17:00:05.923Z] 
[debug] [2020-12-30T17:00:05.947Z] > command requires scopes: ["email","openid","https://www.googleapis.com/auth/cloudplatformprojects.readonly","https://www.googleapis.com/auth/firebase","https://www.googleapis.com/auth/cloud-platform"]
[debug] [2020-12-30T17:00:05.949Z] > authorizing via signed-in user
[info] 
     ######## #### ########  ######## ########     ###     ######  ########
     ##        ##  ##     ## ##       ##     ##  ##   ##  ##       ##
     ######    ##  ########  ######   ########  #########  ######  ######
     ##        ##  ##    ##  ##       ##     ## ##     ##       ## ##
     ##       #### ##     ## ######## ########  ##     ##  ######  ########

You're about to initialize a Firebase project in this directory:

  C:\GitHub\uber-jobs\app

Before we get started, keep in mind:

  * You are currently outside your home directory

[info] 
=== Project Setup
[info] 
[info] First, let's associate this project directory with a Firebase project.
[info] You can create multiple project aliases by running firebase use --add, 
[info] but for now we'll just set up a default project.
[info] 
[debug] [2020-12-30T17:00:25.808Z] > refreshing access token with scopes: ["email","https://www.googleapis.com/auth/cloud-platform","https://www.googleapis.com/auth/cloudplatformprojects.readonly","https://www.googleapis.com/auth/firebase","openid"]
[debug] [2020-12-30T17:00:25.810Z] >>> HTTP REQUEST POST https://www.googleapis.com/oauth2/v3/token  
 <request body omitted>
[debug] [2020-12-30T17:00:26.120Z] <<< HTTP RESPONSE 200 {"date":"Wed, 30 Dec 2020 17:00:27 GMT","cache-control":"no-cache, no-store, max-age=0, must-revalidate","expires":"Mon, 01 Jan 1990 00:00:00 GMT","pragma":"no-cache","content-type":"application/json; charset=utf-8","vary":"X-Origin, Referer, Origin,Accept-Encoding","server":"scaffolding on HTTPServer2","x-xss-protection":"0","x-frame-options":"SAMEORIGIN","x-content-type-options":"nosniff","alt-svc":"h3-29=\":443\"; ma=2592000,h3-T051=\":443\"; ma=2592000,h3-Q050=\":443\"; ma=2592000,h3-Q046=\":443\"; ma=2592000,h3-Q043=\":443\"; ma=2592000,quic=\":443\"; ma=2592000; v=\"46,43\"","accept-ranges":"none","transfer-encoding":"chunked"}
[debug] [2020-12-30T17:00:26.147Z] >>> HTTP REQUEST GET https://firebase.googleapis.com/v1beta1/projects?pageSize=100  
 
[debug] [2020-12-30T17:00:26.538Z] <<< HTTP RESPONSE 200 {"content-type":"application/json; charset=UTF-8","vary":"X-Origin, Referer, Origin,Accept-Encoding","date":"Wed, 30 Dec 2020 17:00:28 GMT","server":"ESF","cache-control":"private","x-xss-protection":"0","x-frame-options":"SAMEORIGIN","x-content-type-options":"nosniff","alt-svc":"h3-29=\":443\"; ma=2592000,h3-T051=\":443\"; ma=2592000,h3-Q050=\":443\"; ma=2592000,h3-Q046=\":443\"; ma=2592000,h3-Q043=\":443\"; ma=2592000,quic=\":443\"; ma=2592000; v=\"46,43\"","accept-ranges":"none","transfer-encoding":"chunked"}
[info] i  Using project promote-api (promote-api) 
[info] 
=== Hosting Setup
[info] 
[info] Your public directory is the folder (relative to your project directory) that
[info] will contain Hosting assets to be uploaded with firebase deploy. If you
[info] have a build process for your assets, use your build's output directory.
[info] 
[debug] [2020-12-30T17:01:23.858Z] >>> [apiv2][query] GET https://www.gstatic.com/firebasejs/releases.json [none]
[debug] [2020-12-30T17:01:24.066Z] <<< [apiv2][status] GET https://www.gstatic.com/firebasejs/releases.json 200
[debug] [2020-12-30T17:01:24.067Z] <<< [apiv2][body] GET https://www.gstatic.com/firebasejs/releases.json {"current":{"version":"8.2.1","browserURL":"https://www.gstatic.com/firebasejs/8.2.1/firebase.js","packageURL":"https://www.gstatic.com/firebasejs/8.2.1/firebase.tgz"},"live":{"version":"8.2","browserURL":"https://www.gstatic.com/firebasejs/live/8.2/firebase.js","packageURL":"https://www.gstatic.com/firebasejs/live/8.2/firebase.tgz"},"components":{"analytics":"https://www.gstatic.com/firebasejs/8.2.1/firebase-analytics.js","app":"https://www.gstatic.com/firebasejs/8.2.1/firebase-app.js","auth":"https://www.gstatic.com/firebasejs/8.2.1/firebase-auth.js","database":"https://www.gstatic.com/firebasejs/8.2.1/firebase-database.js","firestore":"https://www.gstatic.com/firebasejs/8.2.1/firebase-firestore.js","functions":"https://www.gstatic.com/firebasejs/8.2.1/firebase-functions.js","installations":"https://www.gstatic.com/firebasejs/8.2.1/firebase-installations.js","messaging":"https://www.gstatic.com/firebasejs/8.2.1/firebase-messaging.js","storage":"https://www.gstatic.com/firebasejs/8.2.1/firebase-storage.js","performance":"https://www.gstatic.com/firebasejs/8.2.1/firebase-performance.js","remote-config":"https://www.gstatic.com/firebasejs/8.2.1/firebase-remote-config.js","firestore.memory":"https://www.gstatic.com/firebasejs/8.2.1/firebase-firestore.memory.js"}}
[info] i  Skipping write of build/index.html 
[info] 
[info] i  Detected a .git folder at C:\GitHub\uber-jobs 
[info] i  Authorizing with GitHub to upload your service account to a GitHub repository's secrets store. 
[info] 
[info] Visit this URL on this device to log in:
[info] https://github.com/login/oauth/authorize?client_id=89cf50f02ac6aaed3484&state=196440187&redirect_uri=http%3A%2F%2Flocalhost%3A9005&scope=read%3Auser%20repo%20public_repo
[info] 
[info] Waiting for authentication...
[debug] [2020-12-30T17:01:44.262Z] >>> HTTP REQUEST POST https://github.com/login/oauth/access_token  
 {"client_id":"89cf50f02ac6aaed3484","client_secret":"3330d14abc895d9a74d5f17cd7a00711fa2c5bf0","code":"c25a7c404e63562ff09e","redirect_uri":"http://localhost:9005","state":"196440187"}
[debug] [2020-12-30T17:01:44.640Z] <<< HTTP RESPONSE 200 {"date":"Wed, 30 Dec 2020 17:01:46 GMT","content-type":"application/json; charset=utf-8","transfer-encoding":"chunked","server":"GitHub.com","status":"200 OK","vary":"X-PJAX, Accept-Encoding, Accept, X-Requested-With, Accept-Encoding","etag":"W/\"0a38dd23360f1bf4d7b6fa030c712d8a\"","cache-control":"max-age=0, private, must-revalidate","strict-transport-security":"max-age=31536000; includeSubdomains; preload","x-frame-options":"deny","x-content-type-options":"nosniff","x-xss-protection":"1; mode=block","referrer-policy":"origin-when-cross-origin, strict-origin-when-cross-origin","expect-ct":"max-age=2592000, report-uri=\"https://api.github.com/_private/browser/errors\"","content-security-policy":"default-src 'none'; base-uri 'self'; block-all-mixed-content; connect-src 'self' uploads.github.com www.githubstatus.com collector.githubapp.com api.github.com github-cloud.s3.amazonaws.com github-production-repository-file-5c1aeb.s3.amazonaws.com github-production-upload-manifest-file-7fdce7.s3.amazonaws.com github-production-user-asset-6210df.s3.amazonaws.com cdn.optimizely.com logx.optimizely.com/v1/events wss://alive.github.com; font-src github.githubassets.com; form-action 'self' github.com gist.github.com; frame-ancestors 'none'; frame-src render.githubusercontent.com; img-src 'self' data: github.githubassets.com identicons.github.com collector.githubapp.com github-cloud.s3.amazonaws.com *.githubusercontent.com; manifest-src 'self'; media-src 'none'; script-src github.githubassets.com; style-src 'unsafe-inline' github.githubassets.com; worker-src github.com/socket-worker-5029ae85.js gist.github.com/socket-worker-5029ae85.js","x-github-request-id":"C0A8:D278:289D67A:39695E2:5FECB279"}
[debug] [2020-12-30T17:01:44.648Z] >>> [apiv2][query] GET https://api.github.com/user [none]
[debug] [2020-12-30T17:01:45.134Z] <<< [apiv2][status] GET https://api.github.com/user 200
[debug] [2020-12-30T17:01:45.135Z] <<< [apiv2][body] GET https://api.github.com/user {"login":"PrasannaDommalapati","id":14162929,"node_id":"MDQ6VXNlcjE0MTYyOTI5","avatar_url":"https://avatars1.githubusercontent.com/u/14162929?v=4","gravatar_id":"","url":"https://api.github.com/users/PrasannaDommalapati","html_url":"https://github.com/PrasannaDommalapati","followers_url":"https://api.github.com/users/PrasannaDommalapati/followers","following_url":"https://api.github.com/users/PrasannaDommalapati/following{/other_user}","gists_url":"https://api.github.com/users/PrasannaDommalapati/gists{/gist_id}","starred_url":"https://api.github.com/users/PrasannaDommalapati/starred{/owner}{/repo}","subscriptions_url":"https://api.github.com/users/PrasannaDommalapati/subscriptions","organizations_url":"https://api.github.com/users/PrasannaDommalapati/orgs","repos_url":"https://api.github.com/users/PrasannaDommalapati/repos","events_url":"https://api.github.com/users/PrasannaDommalapati/events{/privacy}","received_events_url":"https://api.github.com/users/PrasannaDommalapati/received_events","type":"User","site_admin":false,"name":"Prasanna Dommalapati","company":null,"blog":"","location":"United Kingdom","email":"prasanna.dommalapati@gmail.com","hireable":true,"bio":null,"twitter_username":null,"public_repos":44,"public_gists":0,"followers":2,"following":7,"created_at":"2015-09-07T13:11:30Z","updated_at":"2020-12-30T17:01:40Z","private_gists":0,"total_private_repos":0,"owned_private_repos":0,"disk_usage":126069,"collaborators":0,"two_factor_authentication":false,"plan":{"name":"free","space":976562499,"collaborators":0,"private_repos":10000}}
[info] 
[info] +  Success! Logged into GitHub as PrasannaDommalapati 
[info] 
[debug] [2020-12-30T17:02:14.474Z] >>> [apiv2][query] GET https://api.github.com/repos/user/repository/uber-jobs/actions/secrets/public-key type=owner
[debug] [2020-12-30T17:02:14.795Z] <<< [apiv2][status] GET https://api.github.com/repos/user/repository/uber-jobs/actions/secrets/public-key 404
[debug] [2020-12-30T17:02:14.795Z] <<< [apiv2][body] GET https://api.github.com/repos/user/repository/uber-jobs/actions/secrets/public-key {"message":"Not Found","documentation_url":"https://docs.github.com/rest"}
[debug] [2020-12-30T17:02:35.932Z] ----------------------------------------------------------------------
[debug] [2020-12-30T17:02:35.946Z] Command:       C:\Program Files\nodejs\node.exe C:\Users\Prasanna Dommalapati\AppData\Roaming\npm\node_modules\firebase-tools\lib\bin\firebase.js init
[debug] [2020-12-30T17:02:35.949Z] CLI Version:   9.1.0
[debug] [2020-12-30T17:02:35.950Z] Platform:      win32
[debug] [2020-12-30T17:02:35.951Z] Node Version:  v12.18.2
[debug] [2020-12-30T17:02:35.955Z] Time:          Wed Dec 30 2020 17:02:35 GMT+0000 (Greenwich Mean Time)
[debug] [2020-12-30T17:02:35.956Z] ----------------------------------------------------------------------
[debug] [2020-12-30T17:02:35.957Z] 
[debug] [2020-12-30T17:02:35.986Z] > command requires scopes: ["email","openid","https://www.googleapis.com/auth/cloudplatformprojects.readonly","https://www.googleapis.com/auth/firebase","https://www.googleapis.com/auth/cloud-platform"]
[debug] [2020-12-30T17:02:35.989Z] > authorizing via signed-in user
[info] 
     ######## #### ########  ######## ########     ###     ######  ########
     ##        ##  ##     ## ##       ##     ##  ##   ##  ##       ##
     ######    ##  ########  ######   ########  #########  ######  ######
     ##        ##  ##    ##  ##       ##     ## ##     ##       ## ##
     ##       #### ##     ## ######## ########  ##     ##  ######  ########

You're about to initialize a Firebase project in this directory:

  C:\GitHub\uber-jobs\app

Before we get started, keep in mind:

  * You are currently outside your home directory

